<?xml version="1.0" ?>
<testsuites failures="1" name="TestXML" tests="5" time="5.554">
	<testsuite name="OnReadyDerivedTests" failures="0"  tests="3" time="0">
		<testcase name="WhenReadied ButtonFindShouldBeSet" time="0"></testcase>
		<testcase name="WhenReadied ButtonGetShouldBeSet" time="0"></testcase>
		<testcase name="WhenReadied ButtonGetPathShouldBeSet" time="0"></testcase>
	</testsuite>

	<testsuite name="OnReadyGenericTests" failures="0"  tests="1" time="0">
		<testcase name="WhenReadied ShouldCallNewOnReadyMethods" time="0"></testcase>
	</testsuite>

	<testsuite name="OnReadyModeTests" failures="1"  tests="1" time="0">
		<testcase name="WhenReadiedAndExportModeSet ShouldSetResourceAndNodesCorrectly" time="0">
			<failure message="EXPECTED: object is not null but GOT object is null"></failure>
			<failure message="EXPECTED: object is not null but GOT object is null"></failure>
			<failure message="EXPECTED: object is not null but GOT object is null"></failure>
			<failure message="EXPECTED: object is not null but GOT object is null"></failure></testcase>
	</testsuite>

	<testsuite name="OnReadyOrderTests" failures="0"  tests="1" time="0">
		<testcase name="WhenReadied ShouldCallNewOnReadyMethods" time="0"></testcase>
	</testsuite>

	<testsuite name="OnReadyTests" failures="0"  tests="3" time="0">
		<testcase name="WhenReadied ButtonFindShouldBeSet" time="0"></testcase>
		<testcase name="WhenReadied ButtonGetShouldBeSet" time="0"></testcase>
		<testcase name="WhenReadied ButtonGetPathShouldBeSet" time="0"></testcase>
	</testsuite>

</testsuites>